{"C:\\Users\\Everts\\Desktop\\card-game\\src\\services\\FrenchDeckService\\FrenchDeckService.ts": {"path":"C:\\Users\\Everts\\Desktop\\card-game\\src\\services\\FrenchDeckService\\FrenchDeckService.ts","statementMap":{"0":{"start":{"line":1,"column":0},"end":{"line":1,"column":null}},"1":{"start":{"line":11,"column":4},"end":{"line":13,"column":null}},"2":{"start":{"line":12,"column":6},"end":{"line":12,"column":null}},"3":{"start":{"line":15,"column":4},"end":{"line":18,"column":null}},"4":{"start":{"line":22,"column":4},"end":{"line":22,"column":null}},"5":{"start":{"line":22,"column":41},"end":{"line":22,"column":50}},"6":{"start":{"line":30,"column":30},"end":{"line":35,"column":null}},"7":{"start":{"line":36,"column":32},"end":{"line":41,"column":null}},"8":{"start":{"line":43,"column":17},"end":{"line":43,"column":42}},"9":{"start":{"line":45,"column":4},"end":{"line":57,"column":null}},"10":{"start":{"line":46,"column":18},"end":{"line":46,"column":39}},"11":{"start":{"line":48,"column":6},"end":{"line":50,"column":null}},"12":{"start":{"line":49,"column":8},"end":{"line":49,"column":null}},"13":{"start":{"line":52,"column":6},"end":{"line":56,"column":null}},"14":{"start":{"line":64,"column":26},"end":{"line":66,"column":null}},"15":{"start":{"line":67,"column":26},"end":{"line":69,"column":null}},"16":{"start":{"line":71,"column":31},"end":{"line":71,"column":33}},"17":{"start":{"line":73,"column":4},"end":{"line":75,"column":null}},"18":{"start":{"line":74,"column":6},"end":{"line":74,"column":null}},"19":{"start":{"line":77,"column":4},"end":{"line":81,"column":null}},"20":{"start":{"line":78,"column":6},"end":{"line":80,"column":null}},"21":{"start":{"line":79,"column":8},"end":{"line":79,"column":null}},"22":{"start":{"line":83,"column":4},"end":{"line":83,"column":null}},"23":{"start":{"line":87,"column":0},"end":{"line":87,"column":null}}},"fnMap":{"0":{"name":"(anonymous_0)","decl":{"start":{"line":7,"column":2},"end":{"line":7,"column":8}},"loc":{"start":{"line":7,"column":45},"end":{"line":19,"column":3}}},"1":{"name":"(anonymous_1)","decl":{"start":{"line":21,"column":2},"end":{"line":21,"column":8}},"loc":{"start":{"line":21,"column":43},"end":{"line":23,"column":3}}},"2":{"name":"(anonymous_2)","decl":{"start":{"line":22,"column":31},"end":{"line":22,"column":32}},"loc":{"start":{"line":22,"column":41},"end":{"line":22,"column":50}}},"3":{"name":"(anonymous_3)","decl":{"start":{"line":29,"column":2},"end":{"line":29,"column":8}},"loc":{"start":{"line":29,"column":41},"end":{"line":58,"column":3}}},"4":{"name":"(anonymous_4)","decl":{"start":{"line":45,"column":20},"end":{"line":45,"column":21}},"loc":{"start":{"line":45,"column":33},"end":{"line":57,"column":5}}},"5":{"name":"(anonymous_5)","decl":{"start":{"line":63,"column":2},"end":{"line":63,"column":8}},"loc":{"start":{"line":63,"column":36},"end":{"line":84,"column":3}}},"6":{"name":"(anonymous_6)","decl":{"start":{"line":77,"column":19},"end":{"line":77,"column":20}},"loc":{"start":{"line":77,"column":29},"end":{"line":81,"column":5}}},"7":{"name":"(anonymous_7)","decl":{"start":{"line":78,"column":20},"end":{"line":78,"column":21}},"loc":{"start":{"line":78,"column":29},"end":{"line":80,"column":7}}}},"branchMap":{"0":{"loc":{"start":{"line":11,"column":4},"end":{"line":13,"column":null}},"type":"if","locations":[{"start":{"line":11,"column":4},"end":{"line":13,"column":null}}]},"1":{"loc":{"start":{"line":48,"column":6},"end":{"line":50,"column":null}},"type":"if","locations":[{"start":{"line":48,"column":6},"end":{"line":50,"column":null}}]},"2":{"loc":{"start":{"line":73,"column":4},"end":{"line":75,"column":null}},"type":"if","locations":[{"start":{"line":73,"column":4},"end":{"line":75,"column":null}}]}},"s":{"0":1,"1":2,"2":1,"3":1,"4":1,"5":2,"6":1,"7":1,"8":1,"9":1,"10":3,"11":3,"12":1,"13":3,"14":2,"15":2,"16":2,"17":2,"18":1,"19":2,"20":22,"21":88,"22":2,"23":1},"f":{"0":2,"1":1,"2":2,"3":1,"4":3,"5":2,"6":22,"7":88},"b":{"0":[1],"1":[1],"2":[1]}}
,"C:\\Users\\Everts\\Desktop\\card-game\\src\\services\\FrenchDeckService\\FrenchDeckService.types.ts": {"path":"C:\\Users\\Everts\\Desktop\\card-game\\src\\services\\FrenchDeckService\\FrenchDeckService.types.ts","statementMap":{"0":{"start":{"line":3,"column":0},"end":{"line":3,"column":null}},"1":{"start":{"line":4,"column":4},"end":{"line":4,"column":null}},"2":{"start":{"line":5,"column":4},"end":{"line":5,"column":null}}},"fnMap":{"0":{"name":"(anonymous_0)","decl":{"start":{"line":3,"column":0},"end":{"line":3,"column":12}},"loc":{"start":{"line":3,"column":20},"end":{"line":6,"column":1}}}},"branchMap":{"0":{"loc":{"start":{"line":3,"column":12},"end":{"line":3,"column":null}},"type":"binary-expr","locations":[{"start":{"line":3,"column":12},"end":{"line":3,"column":20}},{"start":{"line":3,"column":12},"end":{"line":3,"column":null}}]}},"s":{"0":1,"1":1,"2":1},"f":{"0":1},"b":{"0":[1,1]}}
}
