TN:
SF:src\services\FrenchDeckService\FrenchDeckService.ts
FN:7,(anonymous_0)
FN:21,(anonymous_1)
FN:22,(anonymous_2)
FN:29,(anonymous_3)
FN:45,(anonymous_4)
FN:63,(anonymous_5)
FN:77,(anonymous_6)
FN:78,(anonymous_7)
FNF:8
FNH:8
FNDA:2,(anonymous_0)
FNDA:1,(anonymous_1)
FNDA:2,(anonymous_2)
FNDA:1,(anonymous_3)
FNDA:3,(anonymous_4)
FNDA:2,(anonymous_5)
FNDA:22,(anonymous_6)
FNDA:88,(anonymous_7)
DA:1,1
DA:11,2
DA:12,1
DA:15,1
DA:22,2
DA:30,1
DA:36,1
DA:43,1
DA:45,1
DA:46,3
DA:48,3
DA:49,1
DA:52,3
DA:64,2
DA:67,2
DA:71,2
DA:73,2
DA:74,1
DA:77,2
DA:78,22
DA:79,88
DA:83,2
DA:87,1
LF:23
LH:23
BRDA:11,0,0,1
BRDA:48,1,0,1
BRDA:73,2,0,1
BRF:3
BRH:3
end_of_record
TN:
SF:src\services\FrenchDeckService\FrenchDeckService.types.ts
FN:3,(anonymous_0)
FNF:1
FNH:1
FNDA:1,(anonymous_0)
DA:3,1
DA:4,1
DA:5,1
LF:3
LH:3
BRDA:3,0,0,1
BRDA:3,0,1,1
BRF:2
BRH:2
end_of_record
